<?xml version="1.0" encoding="UTF-8"?>
<!-- Generated by org.testng.reporters.JUnitXMLReporter -->
<testsuite ignored="0" hostname="LAPTOP-IBJ8LR97" failures="1" tests="1" name="Test" time="49.706" errors="0" timestamp="2024-11-27T17:17:40 IST">
  <testcase classname="testCases.TC001_Fitpeo_ValidateTotalRecurringReimbursementValue" name="ValidateTotalRecurringReimbursementValue" time="8.781">
    <failure type="java.lang.AssertionError" message="The following asserts failed:
	expected [true] but found [false]">
      <![CDATA[java.lang.AssertionError: The following asserts failed:
expected [true] but found [false]
at testCases.TC001_Fitpeo_ValidateTotalRecurringReimbursementValue.ValidateTotalRecurringReimbursementValue(TC001_Fitpeo_ValidateTotalRecurringReimbursementValue.java:70)
at java.base/java.util.ArrayList.forEach(ArrayList.java:1597)
... Removed 27 stack frames]]>
    </failure>
  </testcase> <!-- ValidateTotalRecurringReimbursementValue -->
</testsuite> <!-- Test -->
